<?xml version="1.0" encoding="UTF-8"?>
<!-- Generated by org.testng.reporters.JUnitReportReporter -->
<testsuite hostname="NAYANJYOTIs-MacBook-Pro.local" failures="0" tests="1" name="CapgeminiSelenium.CapgeminiSelenium.AppTest" time="0.007" errors="0" timestamp="2021-09-27T16:34:57 IST" skipped="0">
  <testcase classname="CapgeminiSelenium.CapgeminiSelenium.AppTest" name="testApp" time="0.007"/>
  <system-out/>
</testsuite> <!-- CapgeminiSelenium.CapgeminiSelenium.AppTest -->
