<?xml version="1.0" encoding="UTF-8"?>
<!-- Generated by org.testng.reporters.JUnitReportReporter -->
<testsuite hostname="NAYANJYOTIs-MacBook-Pro.local" failures="0" tests="3" name="TestNG.DependencyTC" time="0.003" errors="0" timestamp="2021-09-27T16:34:57 IST" skipped="0">
  <testcase classname="TestNG.DependencyTC" name="sendFriendRequest" time="0.000"/>
  <system-out/>
  <testcase classname="TestNG.DependencyTC" name="login" time="0.002"/>
  <system-out/>
  <testcase classname="TestNG.DependencyTC" name="receiveFriendRequest" time="0.001"/>
  <system-out/>
</testsuite> <!-- TestNG.DependencyTC -->
